2018-12-25 18:21:23.350 INFO [grizzly-http-server-0] [fr.bbws.api.statistics.PlateAppearenceResource] [list] [fr.bbws.api.statistics.PlateAppearenceResource.list(PlateAppearenceResource.java:69)] - [ENTRY] list all plate-appearance for the player DEMO
2018-12-25 18:21:23.363 INFO [grizzly-http-server-0] [fr.bbws.api.statistics.PlateAppearenceResource] [list] [fr.bbws.api.statistics.PlateAppearenceResource.list(PlateAppearenceResource.java:70)] - [ENTRY]                 with the query parameter sort null
2018-12-25 18:21:23.363 INFO [grizzly-http-server-0] [fr.bbws.api.statistics.PlateAppearenceResource] [list] [fr.bbws.api.statistics.PlateAppearenceResource.list(PlateAppearenceResource.java:71)] - [ENTRY]                 with the query parameter limit 0
2018-12-25 18:21:23.369 INFO [grizzly-http-server-0] [fr.bbws.api.statistics.service.PlateAppearanceService] [list] [fr.bbws.api.statistics.service.PlateAppearanceService.list(PlateAppearanceService.java:137)] - [list] @p_who = DEMO
2018-12-25 18:21:23.369 INFO [grizzly-http-server-0] [fr.bbws.api.statistics.service.PlateAppearanceService] [list] [fr.bbws.api.statistics.service.PlateAppearanceService.list(PlateAppearanceService.java:138)] - [list] @p_sort = 'null'
2018-12-25 18:21:23.370 INFO [grizzly-http-server-0] [fr.bbws.api.statistics.service.PlateAppearanceService] [list] [fr.bbws.api.statistics.service.PlateAppearanceService.list(PlateAppearanceService.java:139)] - [list] @p_size = '0'
2018-12-25 18:21:23.376 DEBUG [grizzly-http-server-0] [fr.bbws.api.statistics.service.PlateAppearanceService] [list] [fr.bbws.api.statistics.service.PlateAppearanceService.list(PlateAppearanceService.java:171)] -     [IN] = DEMO
2018-12-25 18:21:23.377 INFO [grizzly-http-server-0] [fr.bbws.api.statistics.mapper.ElasticSearchMapper] [open] [fr.bbws.api.statistics.mapper.ElasticSearchMapper.open(ElasticSearchMapper.java:39)] - ## ElasticSearchMapper : Try to connect ElasticSearch
2018-12-25 18:21:28.608 INFO [grizzly-http-server-0] [org.elasticsearch.plugins.PluginsService] [logPluginInfo] [org.elasticsearch.plugins.PluginsService.logPluginInfo(PluginsService.java:190)] - no modules loaded
2018-12-25 18:21:28.609 INFO [grizzly-http-server-0] [org.elasticsearch.plugins.PluginsService] [logPluginInfo] [org.elasticsearch.plugins.PluginsService.logPluginInfo(PluginsService.java:193)] - loaded plugin [org.elasticsearch.index.reindex.ReindexPlugin]
2018-12-25 18:21:28.610 INFO [grizzly-http-server-0] [org.elasticsearch.plugins.PluginsService] [logPluginInfo] [org.elasticsearch.plugins.PluginsService.logPluginInfo(PluginsService.java:193)] - loaded plugin [org.elasticsearch.join.ParentJoinPlugin]
2018-12-25 18:21:28.610 INFO [grizzly-http-server-0] [org.elasticsearch.plugins.PluginsService] [logPluginInfo] [org.elasticsearch.plugins.PluginsService.logPluginInfo(PluginsService.java:193)] - loaded plugin [org.elasticsearch.percolator.PercolatorPlugin]
2018-12-25 18:21:28.611 INFO [grizzly-http-server-0] [org.elasticsearch.plugins.PluginsService] [logPluginInfo] [org.elasticsearch.plugins.PluginsService.logPluginInfo(PluginsService.java:193)] - loaded plugin [org.elasticsearch.script.mustache.MustachePlugin]
2018-12-25 18:21:28.611 INFO [grizzly-http-server-0] [org.elasticsearch.plugins.PluginsService] [logPluginInfo] [org.elasticsearch.plugins.PluginsService.logPluginInfo(PluginsService.java:193)] - loaded plugin [org.elasticsearch.transport.Netty4Plugin]
2018-12-25 18:21:28.693 DEBUG [grizzly-http-server-0] [org.elasticsearch.threadpool.ThreadPool] [<init>] [org.elasticsearch.threadpool.ThreadPool.<init>(ThreadPool.java:206)] - created thread pool: name [force_merge], size [1], queue size [unbounded]
2018-12-25 18:21:28.699 DEBUG [grizzly-http-server-0] [org.elasticsearch.threadpool.ThreadPool] [<init>] [org.elasticsearch.threadpool.ThreadPool.<init>(ThreadPool.java:206)] - created thread pool: name [fetch_shard_started], core [1], max [8], keep alive [5m]
2018-12-25 18:21:28.701 DEBUG [grizzly-http-server-0] [org.elasticsearch.threadpool.ThreadPool] [<init>] [org.elasticsearch.threadpool.ThreadPool.<init>(ThreadPool.java:206)] - created thread pool: name [listener], size [2], queue size [unbounded]
2018-12-25 18:21:28.708 DEBUG [grizzly-http-server-0] [org.elasticsearch.threadpool.ThreadPool] [<init>] [org.elasticsearch.threadpool.ThreadPool.<init>(ThreadPool.java:206)] - created thread pool: name [index], size [4], queue size [200]
2018-12-25 18:21:28.708 DEBUG [grizzly-http-server-0] [org.elasticsearch.threadpool.ThreadPool] [<init>] [org.elasticsearch.threadpool.ThreadPool.<init>(ThreadPool.java:206)] - created thread pool: name [refresh], core [1], max [2], keep alive [5m]
2018-12-25 18:21:28.708 DEBUG [grizzly-http-server-0] [org.elasticsearch.threadpool.ThreadPool] [<init>] [org.elasticsearch.threadpool.ThreadPool.<init>(ThreadPool.java:206)] - created thread pool: name [generic], core [4], max [128], keep alive [30s]
2018-12-25 18:21:28.709 DEBUG [grizzly-http-server-0] [org.elasticsearch.threadpool.ThreadPool] [<init>] [org.elasticsearch.threadpool.ThreadPool.<init>(ThreadPool.java:206)] - created thread pool: name [warmer], core [1], max [2], keep alive [5m]
2018-12-25 18:21:28.714 DEBUG [grizzly-http-server-0] [org.elasticsearch.common.util.concurrent.QueueResizingEsThreadPoolExecutor] [<init>] [org.elasticsearch.common.util.concurrent.QueueResizingEsThreadPoolExecutor.<init>(QueueResizingEsThreadPoolExecutor.java:77)] - thread pool [_client_/search] will adjust queue by [50] when determining automatic queue size
2018-12-25 18:21:28.714 DEBUG [grizzly-http-server-0] [org.elasticsearch.threadpool.ThreadPool] [<init>] [org.elasticsearch.threadpool.ThreadPool.<init>(ThreadPool.java:206)] - created thread pool: name [search], size [7], queue size [1k]
2018-12-25 18:21:28.715 DEBUG [grizzly-http-server-0] [org.elasticsearch.threadpool.ThreadPool] [<init>] [org.elasticsearch.threadpool.ThreadPool.<init>(ThreadPool.java:206)] - created thread pool: name [flush], core [1], max [2], keep alive [5m]
2018-12-25 18:21:28.715 DEBUG [grizzly-http-server-0] [org.elasticsearch.threadpool.ThreadPool] [<init>] [org.elasticsearch.threadpool.ThreadPool.<init>(ThreadPool.java:206)] - created thread pool: name [fetch_shard_store], core [1], max [8], keep alive [5m]
2018-12-25 18:21:28.715 DEBUG [grizzly-http-server-0] [org.elasticsearch.threadpool.ThreadPool] [<init>] [org.elasticsearch.threadpool.ThreadPool.<init>(ThreadPool.java:206)] - created thread pool: name [management], core [1], max [5], keep alive [5m]
2018-12-25 18:21:28.716 DEBUG [grizzly-http-server-0] [org.elasticsearch.threadpool.ThreadPool] [<init>] [org.elasticsearch.threadpool.ThreadPool.<init>(ThreadPool.java:206)] - created thread pool: name [get], size [4], queue size [1k]
2018-12-25 18:21:28.716 DEBUG [grizzly-http-server-0] [org.elasticsearch.threadpool.ThreadPool] [<init>] [org.elasticsearch.threadpool.ThreadPool.<init>(ThreadPool.java:206)] - created thread pool: name [analyze], size [1], queue size [16]
2018-12-25 18:21:28.717 DEBUG [grizzly-http-server-0] [org.elasticsearch.threadpool.ThreadPool] [<init>] [org.elasticsearch.threadpool.ThreadPool.<init>(ThreadPool.java:206)] - created thread pool: name [write], size [4], queue size [200]
2018-12-25 18:21:28.717 DEBUG [grizzly-http-server-0] [org.elasticsearch.threadpool.ThreadPool] [<init>] [org.elasticsearch.threadpool.ThreadPool.<init>(ThreadPool.java:206)] - created thread pool: name [snapshot], core [1], max [2], keep alive [5m]
2018-12-25 18:21:28.763 DEBUG [grizzly-http-server-0] [io.netty.util.internal.PlatformDependent] [debug] [org.elasticsearch.transport.netty4.Netty4InternalESLogger.debug(Netty4InternalESLogger.java:74)] - Platform: MacOS
2018-12-25 18:21:28.765 DEBUG [grizzly-http-server-0] [io.netty.util.internal.PlatformDependent0] [debug] [org.elasticsearch.transport.netty4.Netty4InternalESLogger.debug(Netty4InternalESLogger.java:79)] - -Dio.netty.noUnsafe: true
2018-12-25 18:21:28.765 DEBUG [grizzly-http-server-0] [io.netty.util.internal.PlatformDependent0] [debug] [org.elasticsearch.transport.netty4.Netty4InternalESLogger.debug(Netty4InternalESLogger.java:74)] - sun.misc.Unsafe: unavailable (io.netty.noUnsafe)
2018-12-25 18:21:28.766 DEBUG [grizzly-http-server-0] [io.netty.util.internal.PlatformDependent0] [debug] [org.elasticsearch.transport.netty4.Netty4InternalESLogger.debug(Netty4InternalESLogger.java:79)] - Java version: 8
2018-12-25 18:21:28.767 DEBUG [grizzly-http-server-0] [io.netty.util.internal.PlatformDependent0] [debug] [org.elasticsearch.transport.netty4.Netty4InternalESLogger.debug(Netty4InternalESLogger.java:79)] - java.nio.DirectByteBuffer.<init>(long, int): unavailable
2018-12-25 18:21:28.767 DEBUG [grizzly-http-server-0] [io.netty.util.internal.PlatformDependent] [debug] [org.elasticsearch.transport.netty4.Netty4InternalESLogger.debug(Netty4InternalESLogger.java:79)] - -Dio.netty.tmpdir: /var/folders/qf/ym1l506n5c1crxy719tq54hr0000gn/T (java.io.tmpdir)
2018-12-25 18:21:28.768 DEBUG [grizzly-http-server-0] [io.netty.util.internal.PlatformDependent] [debug] [org.elasticsearch.transport.netty4.Netty4InternalESLogger.debug(Netty4InternalESLogger.java:79)] - -Dio.netty.bitMode: 64 (sun.arch.data.model)
2018-12-25 18:21:28.769 DEBUG [grizzly-http-server-0] [io.netty.util.internal.PlatformDependent] [debug] [org.elasticsearch.transport.netty4.Netty4InternalESLogger.debug(Netty4InternalESLogger.java:79)] - -Dio.netty.noPreferDirect: true
2018-12-25 18:21:28.769 DEBUG [grizzly-http-server-0] [io.netty.util.internal.PlatformDependent] [debug] [org.elasticsearch.transport.netty4.Netty4InternalESLogger.debug(Netty4InternalESLogger.java:79)] - -Dio.netty.maxDirectMemory: -1 bytes
2018-12-25 18:21:28.770 DEBUG [grizzly-http-server-0] [io.netty.util.internal.PlatformDependent] [debug] [org.elasticsearch.transport.netty4.Netty4InternalESLogger.debug(Netty4InternalESLogger.java:79)] - -Dio.netty.uninitializedArrayAllocationThreshold: -1
2018-12-25 18:21:29.920 DEBUG [grizzly-http-server-0] [org.elasticsearch.client.transport.TransportClientNodesService] [<init>] [org.elasticsearch.client.transport.TransportClientNodesService.<init>(TransportClientNodesService.java:138)] - node_sampler_interval[5s]
2018-12-25 18:21:29.940 DEBUG [grizzly-http-server-0] [io.netty.channel.MultithreadEventLoopGroup] [debug] [org.elasticsearch.transport.netty4.Netty4InternalESLogger.debug(Netty4InternalESLogger.java:79)] - -Dio.netty.eventLoopThreads: 8
2018-12-25 18:21:29.965 DEBUG [grizzly-http-server-0] [io.netty.channel.nio.NioEventLoop] [debug] [org.elasticsearch.transport.netty4.Netty4InternalESLogger.debug(Netty4InternalESLogger.java:79)] - -Dio.netty.noKeySetOptimization: true
2018-12-25 18:21:29.966 DEBUG [grizzly-http-server-0] [io.netty.channel.nio.NioEventLoop] [debug] [org.elasticsearch.transport.netty4.Netty4InternalESLogger.debug(Netty4InternalESLogger.java:79)] - -Dio.netty.selectorAutoRebuildThreshold: 512
2018-12-25 18:21:29.972 DEBUG [grizzly-http-server-0] [io.netty.util.internal.PlatformDependent] [debug] [org.elasticsearch.transport.netty4.Netty4InternalESLogger.debug(Netty4InternalESLogger.java:74)] - org.jctools-core.MpscChunkedArrayQueue: unavailable
2018-12-25 18:21:30.014 DEBUG [grizzly-http-server-0] [org.elasticsearch.client.transport.TransportClientNodesService] [addTransportAddresses] [org.elasticsearch.client.transport.TransportClientNodesService.addTransportAddresses(TransportClientNodesService.java:196)] - adding address [{#transport#-1}{NS0fHCscTxyTj51sSXVrTQ}{localhost}{127.0.0.1:9300}]
2018-12-25 18:21:35.025 DEBUG [grizzly-http-server-0] [io.netty.channel.DefaultChannelId] [debug] [org.elasticsearch.transport.netty4.Netty4InternalESLogger.debug(Netty4InternalESLogger.java:79)] - -Dio.netty.processId: 5543 (auto-detected)
2018-12-25 18:21:35.032 DEBUG [grizzly-http-server-0] [io.netty.util.NetUtil] [debug] [org.elasticsearch.transport.netty4.Netty4InternalESLogger.debug(Netty4InternalESLogger.java:79)] - -Djava.net.preferIPv4Stack: false
2018-12-25 18:21:35.032 DEBUG [grizzly-http-server-0] [io.netty.util.NetUtil] [debug] [org.elasticsearch.transport.netty4.Netty4InternalESLogger.debug(Netty4InternalESLogger.java:79)] - -Djava.net.preferIPv6Addresses: false
2018-12-25 18:21:35.035 DEBUG [grizzly-http-server-0] [io.netty.util.NetUtil] [debug] [org.elasticsearch.transport.netty4.Netty4InternalESLogger.debug(Netty4InternalESLogger.java:89)] - Loopback interface: lo0 (lo0, 0:0:0:0:0:0:0:1%lo0)
2018-12-25 18:21:35.036 DEBUG [grizzly-http-server-0] [io.netty.util.NetUtil] [debug] [org.elasticsearch.transport.netty4.Netty4InternalESLogger.debug(Netty4InternalESLogger.java:84)] - Failed to get SOMAXCONN from sysctl and file /proc/sys/net/core/somaxconn. Default: 128
2018-12-25 18:21:35.039 DEBUG [grizzly-http-server-0] [io.netty.channel.DefaultChannelId] [debug] [org.elasticsearch.transport.netty4.Netty4InternalESLogger.debug(Netty4InternalESLogger.java:79)] - -Dio.netty.machineId: aa:73:75:ff:fe:20:10:95 (auto-detected)
2018-12-25 18:21:35.045 DEBUG [grizzly-http-server-0] [io.netty.util.internal.InternalThreadLocalMap] [debug] [org.elasticsearch.transport.netty4.Netty4InternalESLogger.debug(Netty4InternalESLogger.java:79)] - -Dio.netty.threadLocalMap.stringBuilder.initialSize: 1024
2018-12-25 18:21:35.046 DEBUG [grizzly-http-server-0] [io.netty.util.internal.InternalThreadLocalMap] [debug] [org.elasticsearch.transport.netty4.Netty4InternalESLogger.debug(Netty4InternalESLogger.java:79)] - -Dio.netty.threadLocalMap.stringBuilder.maxSize: 4096
2018-12-25 18:21:35.055 DEBUG [grizzly-http-server-0] [io.netty.util.ResourceLeakDetector] [debug] [org.elasticsearch.transport.netty4.Netty4InternalESLogger.debug(Netty4InternalESLogger.java:84)] - -Dio.netty.leakDetection.level: simple
2018-12-25 18:21:35.056 DEBUG [grizzly-http-server-0] [io.netty.util.ResourceLeakDetector] [debug] [org.elasticsearch.transport.netty4.Netty4InternalESLogger.debug(Netty4InternalESLogger.java:84)] - -Dio.netty.leakDetection.maxRecords: 4
2018-12-25 18:21:35.056 DEBUG [grizzly-http-server-0] [io.netty.util.ResourceLeakDetector] [debug] [org.elasticsearch.transport.netty4.Netty4InternalESLogger.debug(Netty4InternalESLogger.java:84)] - -Dio.netty.leakDetection.maxSampledRecords: 40
2018-12-25 18:21:35.079 DEBUG [grizzly-http-server-0] [io.netty.buffer.PooledByteBufAllocator] [debug] [org.elasticsearch.transport.netty4.Netty4InternalESLogger.debug(Netty4InternalESLogger.java:79)] - -Dio.netty.allocator.numHeapArenas: 8
2018-12-25 18:21:35.080 DEBUG [grizzly-http-server-0] [io.netty.buffer.PooledByteBufAllocator] [debug] [org.elasticsearch.transport.netty4.Netty4InternalESLogger.debug(Netty4InternalESLogger.java:79)] - -Dio.netty.allocator.numDirectArenas: 8
2018-12-25 18:21:35.080 DEBUG [grizzly-http-server-0] [io.netty.buffer.PooledByteBufAllocator] [debug] [org.elasticsearch.transport.netty4.Netty4InternalESLogger.debug(Netty4InternalESLogger.java:79)] - -Dio.netty.allocator.pageSize: 8192
2018-12-25 18:21:35.081 DEBUG [grizzly-http-server-0] [io.netty.buffer.PooledByteBufAllocator] [debug] [org.elasticsearch.transport.netty4.Netty4InternalESLogger.debug(Netty4InternalESLogger.java:79)] - -Dio.netty.allocator.maxOrder: 11
2018-12-25 18:21:35.081 DEBUG [grizzly-http-server-0] [io.netty.buffer.PooledByteBufAllocator] [debug] [org.elasticsearch.transport.netty4.Netty4InternalESLogger.debug(Netty4InternalESLogger.java:79)] - -Dio.netty.allocator.chunkSize: 16777216
2018-12-25 18:21:35.081 DEBUG [grizzly-http-server-0] [io.netty.buffer.PooledByteBufAllocator] [debug] [org.elasticsearch.transport.netty4.Netty4InternalESLogger.debug(Netty4InternalESLogger.java:79)] - -Dio.netty.allocator.tinyCacheSize: 512
2018-12-25 18:21:35.084 DEBUG [grizzly-http-server-0] [io.netty.buffer.PooledByteBufAllocator] [debug] [org.elasticsearch.transport.netty4.Netty4InternalESLogger.debug(Netty4InternalESLogger.java:79)] - -Dio.netty.allocator.smallCacheSize: 256
2018-12-25 18:21:35.084 DEBUG [grizzly-http-server-0] [io.netty.buffer.PooledByteBufAllocator] [debug] [org.elasticsearch.transport.netty4.Netty4InternalESLogger.debug(Netty4InternalESLogger.java:79)] - -Dio.netty.allocator.normalCacheSize: 64
2018-12-25 18:21:35.085 DEBUG [grizzly-http-server-0] [io.netty.buffer.PooledByteBufAllocator] [debug] [org.elasticsearch.transport.netty4.Netty4InternalESLogger.debug(Netty4InternalESLogger.java:79)] - -Dio.netty.allocator.maxCachedBufferCapacity: 32768
2018-12-25 18:21:35.085 DEBUG [grizzly-http-server-0] [io.netty.buffer.PooledByteBufAllocator] [debug] [org.elasticsearch.transport.netty4.Netty4InternalESLogger.debug(Netty4InternalESLogger.java:79)] - -Dio.netty.allocator.cacheTrimInterval: 8192
2018-12-25 18:21:35.085 DEBUG [grizzly-http-server-0] [io.netty.buffer.PooledByteBufAllocator] [debug] [org.elasticsearch.transport.netty4.Netty4InternalESLogger.debug(Netty4InternalESLogger.java:79)] - -Dio.netty.allocator.useCacheForAllThreads: true
2018-12-25 18:21:35.095 DEBUG [grizzly-http-server-0] [io.netty.buffer.ByteBufUtil] [debug] [org.elasticsearch.transport.netty4.Netty4InternalESLogger.debug(Netty4InternalESLogger.java:79)] - -Dio.netty.allocator.type: pooled
2018-12-25 18:21:35.095 DEBUG [grizzly-http-server-0] [io.netty.buffer.ByteBufUtil] [debug] [org.elasticsearch.transport.netty4.Netty4InternalESLogger.debug(Netty4InternalESLogger.java:79)] - -Dio.netty.threadLocalDirectBufferSize: 65536
2018-12-25 18:21:35.095 DEBUG [grizzly-http-server-0] [io.netty.buffer.ByteBufUtil] [debug] [org.elasticsearch.transport.netty4.Netty4InternalESLogger.debug(Netty4InternalESLogger.java:79)] - -Dio.netty.maxThreadLocalCharBufferSize: 16384
2018-12-25 18:21:35.135 DEBUG [grizzly-http-server-0] [io.netty.buffer.AbstractByteBuf] [debug] [org.elasticsearch.transport.netty4.Netty4InternalESLogger.debug(Netty4InternalESLogger.java:84)] - -Dio.netty.buffer.bytebuf.checkAccessible: true
2018-12-25 18:21:35.137 DEBUG [grizzly-http-server-0] [io.netty.util.ResourceLeakDetectorFactory] [debug] [org.elasticsearch.transport.netty4.Netty4InternalESLogger.debug(Netty4InternalESLogger.java:79)] - Loaded default ResourceLeakDetector: io.netty.util.ResourceLeakDetector@110039c4
2018-12-25 18:21:35.143 DEBUG [grizzly-http-server-0] [io.netty.util.Recycler] [debug] [org.elasticsearch.transport.netty4.Netty4InternalESLogger.debug(Netty4InternalESLogger.java:74)] - -Dio.netty.recycler.maxCapacityPerThread: disabled
2018-12-25 18:21:35.143 DEBUG [grizzly-http-server-0] [io.netty.util.Recycler] [debug] [org.elasticsearch.transport.netty4.Netty4InternalESLogger.debug(Netty4InternalESLogger.java:74)] - -Dio.netty.recycler.maxSharedCapacityFactor: disabled
2018-12-25 18:21:35.144 DEBUG [grizzly-http-server-0] [io.netty.util.Recycler] [debug] [org.elasticsearch.transport.netty4.Netty4InternalESLogger.debug(Netty4InternalESLogger.java:74)] - -Dio.netty.recycler.linkCapacity: disabled
2018-12-25 18:21:35.144 DEBUG [grizzly-http-server-0] [io.netty.util.Recycler] [debug] [org.elasticsearch.transport.netty4.Netty4InternalESLogger.debug(Netty4InternalESLogger.java:74)] - -Dio.netty.recycler.ratio: disabled
2018-12-25 18:21:35.321 DEBUG [grizzly-http-server-0] [org.elasticsearch.transport.netty4.Netty4Transport] [connectToNode] [org.elasticsearch.transport.TcpTransport.connectToNode(TcpTransport.java:547)] - connected to node [{KiNT-WY}{KiNT-WY4TMqQBzTLatrV7A}{lEwJl153Q_y-SGzxgqOQ2Q}{127.0.0.1}{127.0.0.1:9300}{ml.machine_memory=17179869184, ml.max_open_jobs=20, xpack.installed=true, ml.enabled=true}]
2018-12-25 18:21:35.322 INFO [grizzly-http-server-0] [fr.bbws.api.statistics.mapper.ElasticSearchMapper] [open] [fr.bbws.api.statistics.mapper.ElasticSearchMapper.open(ElasticSearchMapper.java:43)] - ## ElasticSearchMapper : Status -- OK
2018-12-25 18:21:35.619 DEBUG [grizzly-http-server-0] [fr.bbws.api.statistics.service.PlateAppearanceService] [list] [fr.bbws.api.statistics.service.PlateAppearanceService.list(PlateAppearanceService.java:187)] -     [OUT] = {game=2018-09-22T16:00, created=2018-09-22T16:00:52.203, opposite_pitcher=null, team=null, when=NOT_VALID, batting_order=null, opposite_team=null, what=OUT, field=null, where=LEFT_FIELD, field_position=null, state=TEST, umpire=null, who=DEMO}
2018-12-25 18:21:35.620 DEBUG [grizzly-http-server-0] [fr.bbws.api.statistics.service.PlateAppearanceService] [list] [fr.bbws.api.statistics.service.PlateAppearanceService.list(PlateAppearanceService.java:188)] -             /pa/{ID} = /pa/hVAruGcBblz1j4IFuKIr
2018-12-25 18:21:35.620 DEBUG [grizzly-http-server-0] [fr.bbws.api.statistics.service.PlateAppearanceService] [list] [fr.bbws.api.statistics.service.PlateAppearanceService.list(PlateAppearanceService.java:187)] -     [OUT] = {game=2018-09-22T16:00, created=2018-09-22T16:00:52.133, opposite_pitcher=null, team=null, when=1st, batting_order=null, opposite_team=null, what=NOT_VALID, field=null, where=LEFT_FIELD, field_position=null, state=TEST, umpire=null, who=DEMO}
2018-12-25 18:21:35.621 DEBUG [grizzly-http-server-0] [fr.bbws.api.statistics.service.PlateAppearanceService] [list] [fr.bbws.api.statistics.service.PlateAppearanceService.list(PlateAppearanceService.java:188)] -             /pa/{ID} = /pa/hFAruGcBblz1j4IFt6Lm
2018-12-25 18:21:35.621 DEBUG [grizzly-http-server-0] [fr.bbws.api.statistics.service.PlateAppearanceService] [list] [fr.bbws.api.statistics.service.PlateAppearanceService.list(PlateAppearanceService.java:187)] -     [OUT] = {game=2018-09-22T16:00, created=2018-09-22T16:00:52.055, opposite_pitcher=null, team=null, when=1st, batting_order=null, opposite_team=null, what=OUT, field=null, where=NOT_VALID, field_position=null, state=TEST, umpire=null, who=DEMO}
2018-12-25 18:21:35.622 DEBUG [grizzly-http-server-0] [fr.bbws.api.statistics.service.PlateAppearanceService] [list] [fr.bbws.api.statistics.service.PlateAppearanceService.list(PlateAppearanceService.java:188)] -             /pa/{ID} = /pa/g1AruGcBblz1j4IFt6Kg
2018-12-25 18:21:35.622 DEBUG [grizzly-http-server-0] [fr.bbws.api.statistics.service.PlateAppearanceService] [list] [fr.bbws.api.statistics.service.PlateAppearanceService.list(PlateAppearanceService.java:187)] -     [OUT] = {game=2018-09-22T16:00, created=2018-09-22T16:00:51.659, opposite_pitcher=null, team=null, when=1st, batting_order=null, opposite_team=null, what=OUT, field=null, where=LEFT_FIELD, field_position=null, state=TEST, umpire=null, who=DEMO}
2018-12-25 18:21:35.623 DEBUG [grizzly-http-server-0] [fr.bbws.api.statistics.service.PlateAppearanceService] [list] [fr.bbws.api.statistics.service.PlateAppearanceService.list(PlateAppearanceService.java:188)] -             /pa/{ID} = /pa/glAruGcBblz1j4IFtqIV
2018-12-25 18:21:35.623 DEBUG [grizzly-http-server-0] [fr.bbws.api.statistics.service.PlateAppearanceService] [list] [fr.bbws.api.statistics.service.PlateAppearanceService.list(PlateAppearanceService.java:187)] -     [OUT] = {game=2018-09-22T16:00, created=2018-09-22T16:00:20.329, opposite_pitcher=null, team=null, when=NOT_VALID, batting_order=null, opposite_team=null, what=OUT, field=null, where=LEFT_FIELD, field_position=null, state=TEST, umpire=null, who=DEMO}
2018-12-25 18:21:35.623 DEBUG [grizzly-http-server-0] [fr.bbws.api.statistics.service.PlateAppearanceService] [list] [fr.bbws.api.statistics.service.PlateAppearanceService.list(PlateAppearanceService.java:188)] -             /pa/{ID} = /pa/NF4h3GcBZjgLj93qxumq
2018-12-25 18:21:35.624 DEBUG [grizzly-http-server-0] [fr.bbws.api.statistics.service.PlateAppearanceService] [list] [fr.bbws.api.statistics.service.PlateAppearanceService.list(PlateAppearanceService.java:187)] -     [OUT] = {game=2018-09-22T16:00, created=2018-09-22T16:00:20.259, opposite_pitcher=null, team=null, when=1st, batting_order=null, opposite_team=null, what=NOT_VALID, field=null, where=LEFT_FIELD, field_position=null, state=TEST, umpire=null, who=DEMO}
2018-12-25 18:21:35.624 DEBUG [grizzly-http-server-0] [fr.bbws.api.statistics.service.PlateAppearanceService] [list] [fr.bbws.api.statistics.service.PlateAppearanceService.list(PlateAppearanceService.java:188)] -             /pa/{ID} = /pa/M14h3GcBZjgLj93qxull
2018-12-25 18:21:35.625 DEBUG [grizzly-http-server-0] [fr.bbws.api.statistics.service.PlateAppearanceService] [list] [fr.bbws.api.statistics.service.PlateAppearanceService.list(PlateAppearanceService.java:187)] -     [OUT] = {game=2018-09-22T16:00, created=2018-09-22T16:00:20.103, opposite_pitcher=null, team=null, when=1st, batting_order=null, opposite_team=null, what=OUT, field=null, where=NOT_VALID, field_position=null, state=TEST, umpire=null, who=DEMO}
2018-12-25 18:21:35.625 DEBUG [grizzly-http-server-0] [fr.bbws.api.statistics.service.PlateAppearanceService] [list] [fr.bbws.api.statistics.service.PlateAppearanceService.list(PlateAppearanceService.java:188)] -             /pa/{ID} = /pa/Ml4h3GcBZjgLj93qxenU
2018-12-25 18:21:35.626 DEBUG [grizzly-http-server-0] [fr.bbws.api.statistics.service.PlateAppearanceService] [list] [fr.bbws.api.statistics.service.PlateAppearanceService.list(PlateAppearanceService.java:187)] -     [OUT] = {game=2018-09-22T16:00, created=2018-09-22T16:00:19.331, opposite_pitcher=null, team=null, when=1st, batting_order=null, opposite_team=null, what=OUT, field=null, where=LEFT_FIELD, field_position=null, state=TEST, umpire=null, who=DEMO}
2018-12-25 18:21:35.626 DEBUG [grizzly-http-server-0] [fr.bbws.api.statistics.service.PlateAppearanceService] [list] [fr.bbws.api.statistics.service.PlateAppearanceService.list(PlateAppearanceService.java:188)] -             /pa/{ID} = /pa/MV4h3GcBZjgLj93qwunZ
2018-12-25 18:21:35.627 INFO [grizzly-http-server-0] [fr.bbws.api.statistics.service.PlateAppearanceService] [list] [fr.bbws.api.statistics.service.PlateAppearanceService.list(PlateAppearanceService.java:201)] - [list] @return = [{game=2018-09-22T16:00, id=/pa/hVAruGcBblz1j4IFuKIr, what=OUT, when=NOT_VALID, where=LEFT_FIELD, who=DEMO}, {game=2018-09-22T16:00, id=/pa/hFAruGcBblz1j4IFt6Lm, what=NOT_VALID, when=1st, where=LEFT_FIELD, who=DEMO}, {game=2018-09-22T16:00, id=/pa/g1AruGcBblz1j4IFt6Kg, what=OUT, when=1st, where=NOT_VALID, who=DEMO}, {game=2018-09-22T16:00, id=/pa/glAruGcBblz1j4IFtqIV, what=OUT, when=1st, where=LEFT_FIELD, who=DEMO}, {game=2018-09-22T16:00, id=/pa/NF4h3GcBZjgLj93qxumq, what=OUT, when=NOT_VALID, where=LEFT_FIELD, who=DEMO}, {game=2018-09-22T16:00, id=/pa/M14h3GcBZjgLj93qxull, what=NOT_VALID, when=1st, where=LEFT_FIELD, who=DEMO}, {game=2018-09-22T16:00, id=/pa/Ml4h3GcBZjgLj93qxenU, what=OUT, when=1st, where=NOT_VALID, who=DEMO}, {game=2018-09-22T16:00, id=/pa/MV4h3GcBZjgLj93qwunZ, what=OUT, when=1st, where=LEFT_FIELD, who=DEMO}]
2018-12-25 18:21:35.670 DEBUG [grizzly-http-server-0] [fr.bbws.api.statistics.PlateAppearenceResource] [list] [fr.bbws.api.statistics.PlateAppearenceResource.list(PlateAppearenceResource.java:78)] - [EXIT] @return json = [{"game":"2018-09-22T16:00","id":"/pa/hVAruGcBblz1j4IFuKIr","what":"OUT","when":"NOT_VALID","where":"LEFT_FIELD","who":"DEMO"},{"game":"2018-09-22T16:00","id":"/pa/hFAruGcBblz1j4IFt6Lm","what":"NOT_VALID","when":"1st","where":"LEFT_FIELD","who":"DEMO"},{"game":"2018-09-22T16:00","id":"/pa/g1AruGcBblz1j4IFt6Kg","what":"OUT","when":"1st","where":"NOT_VALID","who":"DEMO"},{"game":"2018-09-22T16:00","id":"/pa/glAruGcBblz1j4IFtqIV","what":"OUT","when":"1st","where":"LEFT_FIELD","who":"DEMO"},{"game":"2018-09-22T16:00","id":"/pa/NF4h3GcBZjgLj93qxumq","what":"OUT","when":"NOT_VALID","where":"LEFT_FIELD","who":"DEMO"},{"game":"2018-09-22T16:00","id":"/pa/M14h3GcBZjgLj93qxull","what":"NOT_VALID","when":"1st","where":"LEFT_FIELD","who":"DEMO"},{"game":"2018-09-22T16:00","id":"/pa/Ml4h3GcBZjgLj93qxenU","what":"OUT","when":"1st","where":"NOT_VALID","who":"DEMO"},{"game":"2018-09-22T16:00","id":"/pa/MV4h3GcBZjgLj93qwunZ","what":"OUT","when":"1st","where":"LEFT_FIELD","who":"DEMO"}]
2018-12-25 18:21:35.701 INFO [main] [fr.bbws.api.statistics.PlateAppearenceResourceTest] [list_http200] [fr.bbws.api.statistics.PlateAppearenceResourceTest.list_http200(PlateAppearenceResourceTest.java:221)] - [list_http200] response.status = 200
2018-12-25 18:21:35.707 INFO [main] [fr.bbws.api.statistics.PlateAppearenceResourceTest] [list_http200] [fr.bbws.api.statistics.PlateAppearenceResourceTest.list_http200(PlateAppearenceResourceTest.java:224)] - [list_http200] response.json = [{"game":"2018-09-22T16:00","id":"/pa/hVAruGcBblz1j4IFuKIr","what":"OUT","when":"NOT_VALID","where":"LEFT_FIELD","who":"DEMO"},{"game":"2018-09-22T16:00","id":"/pa/hFAruGcBblz1j4IFt6Lm","what":"NOT_VALID","when":"1st","where":"LEFT_FIELD","who":"DEMO"},{"game":"2018-09-22T16:00","id":"/pa/g1AruGcBblz1j4IFt6Kg","what":"OUT","when":"1st","where":"NOT_VALID","who":"DEMO"},{"game":"2018-09-22T16:00","id":"/pa/glAruGcBblz1j4IFtqIV","what":"OUT","when":"1st","where":"LEFT_FIELD","who":"DEMO"},{"game":"2018-09-22T16:00","id":"/pa/NF4h3GcBZjgLj93qxumq","what":"OUT","when":"NOT_VALID","where":"LEFT_FIELD","who":"DEMO"},{"game":"2018-09-22T16:00","id":"/pa/M14h3GcBZjgLj93qxull","what":"NOT_VALID","when":"1st","where":"LEFT_FIELD","who":"DEMO"},{"game":"2018-09-22T16:00","id":"/pa/Ml4h3GcBZjgLj93qxenU","what":"OUT","when":"1st","where":"NOT_VALID","who":"DEMO"},{"game":"2018-09-22T16:00","id":"/pa/MV4h3GcBZjgLj93qwunZ","what":"OUT","when":"1st","where":"LEFT_FIELD","who":"DEMO"}]
2018-12-25 18:23:06.205 INFO [grizzly-http-server-0] [fr.bbws.api.statistics.PlateAppearenceResource] [list] [fr.bbws.api.statistics.PlateAppearenceResource.list(PlateAppearenceResource.java:69)] - [ENTRY] list all plate-appearance for the player NO_NAME
2018-12-25 18:23:06.210 INFO [grizzly-http-server-0] [fr.bbws.api.statistics.PlateAppearenceResource] [list] [fr.bbws.api.statistics.PlateAppearenceResource.list(PlateAppearenceResource.java:70)] - [ENTRY]                 with the query parameter sort null
2018-12-25 18:23:06.210 INFO [grizzly-http-server-0] [fr.bbws.api.statistics.PlateAppearenceResource] [list] [fr.bbws.api.statistics.PlateAppearenceResource.list(PlateAppearenceResource.java:71)] - [ENTRY]                 with the query parameter limit 0
2018-12-25 18:23:06.213 INFO [grizzly-http-server-0] [fr.bbws.api.statistics.service.PlateAppearanceService] [list] [fr.bbws.api.statistics.service.PlateAppearanceService.list(PlateAppearanceService.java:137)] - [list] @p_who = NO_NAME
2018-12-25 18:23:06.214 INFO [grizzly-http-server-0] [fr.bbws.api.statistics.service.PlateAppearanceService] [list] [fr.bbws.api.statistics.service.PlateAppearanceService.list(PlateAppearanceService.java:138)] - [list] @p_sort = 'null'
2018-12-25 18:23:06.214 INFO [grizzly-http-server-0] [fr.bbws.api.statistics.service.PlateAppearanceService] [list] [fr.bbws.api.statistics.service.PlateAppearanceService.list(PlateAppearanceService.java:139)] - [list] @p_size = '0'
2018-12-25 18:23:06.218 DEBUG [grizzly-http-server-0] [fr.bbws.api.statistics.service.PlateAppearanceService] [list] [fr.bbws.api.statistics.service.PlateAppearanceService.list(PlateAppearanceService.java:171)] -     [IN] = NO_NAME
2018-12-25 18:23:06.219 INFO [grizzly-http-server-0] [fr.bbws.api.statistics.mapper.ElasticSearchMapper] [open] [fr.bbws.api.statistics.mapper.ElasticSearchMapper.open(ElasticSearchMapper.java:39)] - ## ElasticSearchMapper : Try to connect ElasticSearch
2018-12-25 18:23:11.377 INFO [grizzly-http-server-0] [org.elasticsearch.plugins.PluginsService] [logPluginInfo] [org.elasticsearch.plugins.PluginsService.logPluginInfo(PluginsService.java:190)] - no modules loaded
2018-12-25 18:23:11.379 INFO [grizzly-http-server-0] [org.elasticsearch.plugins.PluginsService] [logPluginInfo] [org.elasticsearch.plugins.PluginsService.logPluginInfo(PluginsService.java:193)] - loaded plugin [org.elasticsearch.index.reindex.ReindexPlugin]
2018-12-25 18:23:11.379 INFO [grizzly-http-server-0] [org.elasticsearch.plugins.PluginsService] [logPluginInfo] [org.elasticsearch.plugins.PluginsService.logPluginInfo(PluginsService.java:193)] - loaded plugin [org.elasticsearch.join.ParentJoinPlugin]
2018-12-25 18:23:11.379 INFO [grizzly-http-server-0] [org.elasticsearch.plugins.PluginsService] [logPluginInfo] [org.elasticsearch.plugins.PluginsService.logPluginInfo(PluginsService.java:193)] - loaded plugin [org.elasticsearch.percolator.PercolatorPlugin]
2018-12-25 18:23:11.380 INFO [grizzly-http-server-0] [org.elasticsearch.plugins.PluginsService] [logPluginInfo] [org.elasticsearch.plugins.PluginsService.logPluginInfo(PluginsService.java:193)] - loaded plugin [org.elasticsearch.script.mustache.MustachePlugin]
2018-12-25 18:23:11.380 INFO [grizzly-http-server-0] [org.elasticsearch.plugins.PluginsService] [logPluginInfo] [org.elasticsearch.plugins.PluginsService.logPluginInfo(PluginsService.java:193)] - loaded plugin [org.elasticsearch.transport.Netty4Plugin]
2018-12-25 18:23:11.410 DEBUG [grizzly-http-server-0] [org.elasticsearch.threadpool.ThreadPool] [<init>] [org.elasticsearch.threadpool.ThreadPool.<init>(ThreadPool.java:206)] - created thread pool: name [force_merge], size [1], queue size [unbounded]
2018-12-25 18:23:11.411 DEBUG [grizzly-http-server-0] [org.elasticsearch.threadpool.ThreadPool] [<init>] [org.elasticsearch.threadpool.ThreadPool.<init>(ThreadPool.java:206)] - created thread pool: name [fetch_shard_started], core [1], max [8], keep alive [5m]
2018-12-25 18:23:11.411 DEBUG [grizzly-http-server-0] [org.elasticsearch.threadpool.ThreadPool] [<init>] [org.elasticsearch.threadpool.ThreadPool.<init>(ThreadPool.java:206)] - created thread pool: name [listener], size [2], queue size [unbounded]
2018-12-25 18:23:11.414 DEBUG [grizzly-http-server-0] [org.elasticsearch.threadpool.ThreadPool] [<init>] [org.elasticsearch.threadpool.ThreadPool.<init>(ThreadPool.java:206)] - created thread pool: name [index], size [4], queue size [200]
2018-12-25 18:23:11.415 DEBUG [grizzly-http-server-0] [org.elasticsearch.threadpool.ThreadPool] [<init>] [org.elasticsearch.threadpool.ThreadPool.<init>(ThreadPool.java:206)] - created thread pool: name [refresh], core [1], max [2], keep alive [5m]
2018-12-25 18:23:11.415 DEBUG [grizzly-http-server-0] [org.elasticsearch.threadpool.ThreadPool] [<init>] [org.elasticsearch.threadpool.ThreadPool.<init>(ThreadPool.java:206)] - created thread pool: name [generic], core [4], max [128], keep alive [30s]
2018-12-25 18:23:11.416 DEBUG [grizzly-http-server-0] [org.elasticsearch.threadpool.ThreadPool] [<init>] [org.elasticsearch.threadpool.ThreadPool.<init>(ThreadPool.java:206)] - created thread pool: name [warmer], core [1], max [2], keep alive [5m]
2018-12-25 18:23:11.419 DEBUG [grizzly-http-server-0] [org.elasticsearch.common.util.concurrent.QueueResizingEsThreadPoolExecutor] [<init>] [org.elasticsearch.common.util.concurrent.QueueResizingEsThreadPoolExecutor.<init>(QueueResizingEsThreadPoolExecutor.java:77)] - thread pool [_client_/search] will adjust queue by [50] when determining automatic queue size
2018-12-25 18:23:11.419 DEBUG [grizzly-http-server-0] [org.elasticsearch.threadpool.ThreadPool] [<init>] [org.elasticsearch.threadpool.ThreadPool.<init>(ThreadPool.java:206)] - created thread pool: name [search], size [7], queue size [1k]
2018-12-25 18:23:11.420 DEBUG [grizzly-http-server-0] [org.elasticsearch.threadpool.ThreadPool] [<init>] [org.elasticsearch.threadpool.ThreadPool.<init>(ThreadPool.java:206)] - created thread pool: name [flush], core [1], max [2], keep alive [5m]
2018-12-25 18:23:11.420 DEBUG [grizzly-http-server-0] [org.elasticsearch.threadpool.ThreadPool] [<init>] [org.elasticsearch.threadpool.ThreadPool.<init>(ThreadPool.java:206)] - created thread pool: name [fetch_shard_store], core [1], max [8], keep alive [5m]
2018-12-25 18:23:11.421 DEBUG [grizzly-http-server-0] [org.elasticsearch.threadpool.ThreadPool] [<init>] [org.elasticsearch.threadpool.ThreadPool.<init>(ThreadPool.java:206)] - created thread pool: name [management], core [1], max [5], keep alive [5m]
2018-12-25 18:23:11.421 DEBUG [grizzly-http-server-0] [org.elasticsearch.threadpool.ThreadPool] [<init>] [org.elasticsearch.threadpool.ThreadPool.<init>(ThreadPool.java:206)] - created thread pool: name [get], size [4], queue size [1k]
2018-12-25 18:23:11.422 DEBUG [grizzly-http-server-0] [org.elasticsearch.threadpool.ThreadPool] [<init>] [org.elasticsearch.threadpool.ThreadPool.<init>(ThreadPool.java:206)] - created thread pool: name [analyze], size [1], queue size [16]
2018-12-25 18:23:11.422 DEBUG [grizzly-http-server-0] [org.elasticsearch.threadpool.ThreadPool] [<init>] [org.elasticsearch.threadpool.ThreadPool.<init>(ThreadPool.java:206)] - created thread pool: name [write], size [4], queue size [200]
2018-12-25 18:23:11.422 DEBUG [grizzly-http-server-0] [org.elasticsearch.threadpool.ThreadPool] [<init>] [org.elasticsearch.threadpool.ThreadPool.<init>(ThreadPool.java:206)] - created thread pool: name [snapshot], core [1], max [2], keep alive [5m]
2018-12-25 18:23:11.448 DEBUG [grizzly-http-server-0] [io.netty.util.internal.PlatformDependent] [debug] [org.elasticsearch.transport.netty4.Netty4InternalESLogger.debug(Netty4InternalESLogger.java:74)] - Platform: MacOS
2018-12-25 18:23:11.450 DEBUG [grizzly-http-server-0] [io.netty.util.internal.PlatformDependent0] [debug] [org.elasticsearch.transport.netty4.Netty4InternalESLogger.debug(Netty4InternalESLogger.java:79)] - -Dio.netty.noUnsafe: true
2018-12-25 18:23:11.450 DEBUG [grizzly-http-server-0] [io.netty.util.internal.PlatformDependent0] [debug] [org.elasticsearch.transport.netty4.Netty4InternalESLogger.debug(Netty4InternalESLogger.java:74)] - sun.misc.Unsafe: unavailable (io.netty.noUnsafe)
2018-12-25 18:23:11.451 DEBUG [grizzly-http-server-0] [io.netty.util.internal.PlatformDependent0] [debug] [org.elasticsearch.transport.netty4.Netty4InternalESLogger.debug(Netty4InternalESLogger.java:79)] - Java version: 8
2018-12-25 18:23:11.451 DEBUG [grizzly-http-server-0] [io.netty.util.internal.PlatformDependent0] [debug] [org.elasticsearch.transport.netty4.Netty4InternalESLogger.debug(Netty4InternalESLogger.java:79)] - java.nio.DirectByteBuffer.<init>(long, int): unavailable
2018-12-25 18:23:11.452 DEBUG [grizzly-http-server-0] [io.netty.util.internal.PlatformDependent] [debug] [org.elasticsearch.transport.netty4.Netty4InternalESLogger.debug(Netty4InternalESLogger.java:79)] - -Dio.netty.tmpdir: /var/folders/qf/ym1l506n5c1crxy719tq54hr0000gn/T (java.io.tmpdir)
2018-12-25 18:23:11.453 DEBUG [grizzly-http-server-0] [io.netty.util.internal.PlatformDependent] [debug] [org.elasticsearch.transport.netty4.Netty4InternalESLogger.debug(Netty4InternalESLogger.java:79)] - -Dio.netty.bitMode: 64 (sun.arch.data.model)
2018-12-25 18:23:11.454 DEBUG [grizzly-http-server-0] [io.netty.util.internal.PlatformDependent] [debug] [org.elasticsearch.transport.netty4.Netty4InternalESLogger.debug(Netty4InternalESLogger.java:79)] - -Dio.netty.noPreferDirect: true
2018-12-25 18:23:11.455 DEBUG [grizzly-http-server-0] [io.netty.util.internal.PlatformDependent] [debug] [org.elasticsearch.transport.netty4.Netty4InternalESLogger.debug(Netty4InternalESLogger.java:79)] - -Dio.netty.maxDirectMemory: -1 bytes
2018-12-25 18:23:11.455 DEBUG [grizzly-http-server-0] [io.netty.util.internal.PlatformDependent] [debug] [org.elasticsearch.transport.netty4.Netty4InternalESLogger.debug(Netty4InternalESLogger.java:79)] - -Dio.netty.uninitializedArrayAllocationThreshold: -1
2018-12-25 18:23:12.251 DEBUG [grizzly-http-server-0] [org.elasticsearch.client.transport.TransportClientNodesService] [<init>] [org.elasticsearch.client.transport.TransportClientNodesService.<init>(TransportClientNodesService.java:138)] - node_sampler_interval[5s]
2018-12-25 18:23:12.268 DEBUG [grizzly-http-server-0] [io.netty.channel.MultithreadEventLoopGroup] [debug] [org.elasticsearch.transport.netty4.Netty4InternalESLogger.debug(Netty4InternalESLogger.java:79)] - -Dio.netty.eventLoopThreads: 8
2018-12-25 18:23:12.282 DEBUG [grizzly-http-server-0] [io.netty.channel.nio.NioEventLoop] [debug] [org.elasticsearch.transport.netty4.Netty4InternalESLogger.debug(Netty4InternalESLogger.java:79)] - -Dio.netty.noKeySetOptimization: true
2018-12-25 18:23:12.282 DEBUG [grizzly-http-server-0] [io.netty.channel.nio.NioEventLoop] [debug] [org.elasticsearch.transport.netty4.Netty4InternalESLogger.debug(Netty4InternalESLogger.java:79)] - -Dio.netty.selectorAutoRebuildThreshold: 512
2018-12-25 18:23:12.287 DEBUG [grizzly-http-server-0] [io.netty.util.internal.PlatformDependent] [debug] [org.elasticsearch.transport.netty4.Netty4InternalESLogger.debug(Netty4InternalESLogger.java:74)] - org.jctools-core.MpscChunkedArrayQueue: unavailable
2018-12-25 18:23:12.316 DEBUG [grizzly-http-server-0] [org.elasticsearch.client.transport.TransportClientNodesService] [addTransportAddresses] [org.elasticsearch.client.transport.TransportClientNodesService.addTransportAddresses(TransportClientNodesService.java:196)] - adding address [{#transport#-1}{PNLPSeHTRfaCdSKouxfNhg}{localhost}{127.0.0.1:9300}]
2018-12-25 18:23:17.330 DEBUG [grizzly-http-server-0] [io.netty.channel.DefaultChannelId] [debug] [org.elasticsearch.transport.netty4.Netty4InternalESLogger.debug(Netty4InternalESLogger.java:79)] - -Dio.netty.processId: 5546 (auto-detected)
2018-12-25 18:23:17.333 DEBUG [grizzly-http-server-0] [io.netty.util.NetUtil] [debug] [org.elasticsearch.transport.netty4.Netty4InternalESLogger.debug(Netty4InternalESLogger.java:79)] - -Djava.net.preferIPv4Stack: false
2018-12-25 18:23:17.334 DEBUG [grizzly-http-server-0] [io.netty.util.NetUtil] [debug] [org.elasticsearch.transport.netty4.Netty4InternalESLogger.debug(Netty4InternalESLogger.java:79)] - -Djava.net.preferIPv6Addresses: false
2018-12-25 18:23:17.336 DEBUG [grizzly-http-server-0] [io.netty.util.NetUtil] [debug] [org.elasticsearch.transport.netty4.Netty4InternalESLogger.debug(Netty4InternalESLogger.java:89)] - Loopback interface: lo0 (lo0, 0:0:0:0:0:0:0:1%lo0)
2018-12-25 18:23:17.337 DEBUG [grizzly-http-server-0] [io.netty.util.NetUtil] [debug] [org.elasticsearch.transport.netty4.Netty4InternalESLogger.debug(Netty4InternalESLogger.java:84)] - Failed to get SOMAXCONN from sysctl and file /proc/sys/net/core/somaxconn. Default: 128
2018-12-25 18:23:17.339 DEBUG [grizzly-http-server-0] [io.netty.channel.DefaultChannelId] [debug] [org.elasticsearch.transport.netty4.Netty4InternalESLogger.debug(Netty4InternalESLogger.java:79)] - -Dio.netty.machineId: aa:73:75:ff:fe:20:10:95 (auto-detected)
2018-12-25 18:23:17.343 DEBUG [grizzly-http-server-0] [io.netty.util.internal.InternalThreadLocalMap] [debug] [org.elasticsearch.transport.netty4.Netty4InternalESLogger.debug(Netty4InternalESLogger.java:79)] - -Dio.netty.threadLocalMap.stringBuilder.initialSize: 1024
2018-12-25 18:23:17.343 DEBUG [grizzly-http-server-0] [io.netty.util.internal.InternalThreadLocalMap] [debug] [org.elasticsearch.transport.netty4.Netty4InternalESLogger.debug(Netty4InternalESLogger.java:79)] - -Dio.netty.threadLocalMap.stringBuilder.maxSize: 4096
2018-12-25 18:23:17.350 DEBUG [grizzly-http-server-0] [io.netty.util.ResourceLeakDetector] [debug] [org.elasticsearch.transport.netty4.Netty4InternalESLogger.debug(Netty4InternalESLogger.java:84)] - -Dio.netty.leakDetection.level: simple
2018-12-25 18:23:17.351 DEBUG [grizzly-http-server-0] [io.netty.util.ResourceLeakDetector] [debug] [org.elasticsearch.transport.netty4.Netty4InternalESLogger.debug(Netty4InternalESLogger.java:84)] - -Dio.netty.leakDetection.maxRecords: 4
2018-12-25 18:23:17.351 DEBUG [grizzly-http-server-0] [io.netty.util.ResourceLeakDetector] [debug] [org.elasticsearch.transport.netty4.Netty4InternalESLogger.debug(Netty4InternalESLogger.java:84)] - -Dio.netty.leakDetection.maxSampledRecords: 40
2018-12-25 18:23:17.364 DEBUG [grizzly-http-server-0] [io.netty.buffer.PooledByteBufAllocator] [debug] [org.elasticsearch.transport.netty4.Netty4InternalESLogger.debug(Netty4InternalESLogger.java:79)] - -Dio.netty.allocator.numHeapArenas: 8
2018-12-25 18:23:17.364 DEBUG [grizzly-http-server-0] [io.netty.buffer.PooledByteBufAllocator] [debug] [org.elasticsearch.transport.netty4.Netty4InternalESLogger.debug(Netty4InternalESLogger.java:79)] - -Dio.netty.allocator.numDirectArenas: 8
2018-12-25 18:23:17.364 DEBUG [grizzly-http-server-0] [io.netty.buffer.PooledByteBufAllocator] [debug] [org.elasticsearch.transport.netty4.Netty4InternalESLogger.debug(Netty4InternalESLogger.java:79)] - -Dio.netty.allocator.pageSize: 8192
2018-12-25 18:23:17.365 DEBUG [grizzly-http-server-0] [io.netty.buffer.PooledByteBufAllocator] [debug] [org.elasticsearch.transport.netty4.Netty4InternalESLogger.debug(Netty4InternalESLogger.java:79)] - -Dio.netty.allocator.maxOrder: 11
2018-12-25 18:23:17.365 DEBUG [grizzly-http-server-0] [io.netty.buffer.PooledByteBufAllocator] [debug] [org.elasticsearch.transport.netty4.Netty4InternalESLogger.debug(Netty4InternalESLogger.java:79)] - -Dio.netty.allocator.chunkSize: 16777216
2018-12-25 18:23:17.365 DEBUG [grizzly-http-server-0] [io.netty.buffer.PooledByteBufAllocator] [debug] [org.elasticsearch.transport.netty4.Netty4InternalESLogger.debug(Netty4InternalESLogger.java:79)] - -Dio.netty.allocator.tinyCacheSize: 512
2018-12-25 18:23:17.366 DEBUG [grizzly-http-server-0] [io.netty.buffer.PooledByteBufAllocator] [debug] [org.elasticsearch.transport.netty4.Netty4InternalESLogger.debug(Netty4InternalESLogger.java:79)] - -Dio.netty.allocator.smallCacheSize: 256
2018-12-25 18:23:17.366 DEBUG [grizzly-http-server-0] [io.netty.buffer.PooledByteBufAllocator] [debug] [org.elasticsearch.transport.netty4.Netty4InternalESLogger.debug(Netty4InternalESLogger.java:79)] - -Dio.netty.allocator.normalCacheSize: 64
2018-12-25 18:23:17.366 DEBUG [grizzly-http-server-0] [io.netty.buffer.PooledByteBufAllocator] [debug] [org.elasticsearch.transport.netty4.Netty4InternalESLogger.debug(Netty4InternalESLogger.java:79)] - -Dio.netty.allocator.maxCachedBufferCapacity: 32768
2018-12-25 18:23:17.367 DEBUG [grizzly-http-server-0] [io.netty.buffer.PooledByteBufAllocator] [debug] [org.elasticsearch.transport.netty4.Netty4InternalESLogger.debug(Netty4InternalESLogger.java:79)] - -Dio.netty.allocator.cacheTrimInterval: 8192
2018-12-25 18:23:17.367 DEBUG [grizzly-http-server-0] [io.netty.buffer.PooledByteBufAllocator] [debug] [org.elasticsearch.transport.netty4.Netty4InternalESLogger.debug(Netty4InternalESLogger.java:79)] - -Dio.netty.allocator.useCacheForAllThreads: true
2018-12-25 18:23:17.373 DEBUG [grizzly-http-server-0] [io.netty.buffer.ByteBufUtil] [debug] [org.elasticsearch.transport.netty4.Netty4InternalESLogger.debug(Netty4InternalESLogger.java:79)] - -Dio.netty.allocator.type: pooled
2018-12-25 18:23:17.373 DEBUG [grizzly-http-server-0] [io.netty.buffer.ByteBufUtil] [debug] [org.elasticsearch.transport.netty4.Netty4InternalESLogger.debug(Netty4InternalESLogger.java:79)] - -Dio.netty.threadLocalDirectBufferSize: 65536
2018-12-25 18:23:17.373 DEBUG [grizzly-http-server-0] [io.netty.buffer.ByteBufUtil] [debug] [org.elasticsearch.transport.netty4.Netty4InternalESLogger.debug(Netty4InternalESLogger.java:79)] - -Dio.netty.maxThreadLocalCharBufferSize: 16384
2018-12-25 18:23:17.400 DEBUG [grizzly-http-server-0] [io.netty.buffer.AbstractByteBuf] [debug] [org.elasticsearch.transport.netty4.Netty4InternalESLogger.debug(Netty4InternalESLogger.java:84)] - -Dio.netty.buffer.bytebuf.checkAccessible: true
2018-12-25 18:23:17.402 DEBUG [grizzly-http-server-0] [io.netty.util.ResourceLeakDetectorFactory] [debug] [org.elasticsearch.transport.netty4.Netty4InternalESLogger.debug(Netty4InternalESLogger.java:79)] - Loaded default ResourceLeakDetector: io.netty.util.ResourceLeakDetector@6cc8c9b0
2018-12-25 18:23:17.406 DEBUG [grizzly-http-server-0] [io.netty.util.Recycler] [debug] [org.elasticsearch.transport.netty4.Netty4InternalESLogger.debug(Netty4InternalESLogger.java:74)] - -Dio.netty.recycler.maxCapacityPerThread: disabled
2018-12-25 18:23:17.407 DEBUG [grizzly-http-server-0] [io.netty.util.Recycler] [debug] [org.elasticsearch.transport.netty4.Netty4InternalESLogger.debug(Netty4InternalESLogger.java:74)] - -Dio.netty.recycler.maxSharedCapacityFactor: disabled
2018-12-25 18:23:17.407 DEBUG [grizzly-http-server-0] [io.netty.util.Recycler] [debug] [org.elasticsearch.transport.netty4.Netty4InternalESLogger.debug(Netty4InternalESLogger.java:74)] - -Dio.netty.recycler.linkCapacity: disabled
2018-12-25 18:23:17.407 DEBUG [grizzly-http-server-0] [io.netty.util.Recycler] [debug] [org.elasticsearch.transport.netty4.Netty4InternalESLogger.debug(Netty4InternalESLogger.java:74)] - -Dio.netty.recycler.ratio: disabled
2018-12-25 18:23:17.467 DEBUG [grizzly-http-server-0] [org.elasticsearch.transport.netty4.Netty4Transport] [connectToNode] [org.elasticsearch.transport.TcpTransport.connectToNode(TcpTransport.java:547)] - connected to node [{KiNT-WY}{KiNT-WY4TMqQBzTLatrV7A}{lEwJl153Q_y-SGzxgqOQ2Q}{127.0.0.1}{127.0.0.1:9300}{ml.machine_memory=17179869184, ml.max_open_jobs=20, xpack.installed=true, ml.enabled=true}]
2018-12-25 18:23:17.468 INFO [grizzly-http-server-0] [fr.bbws.api.statistics.mapper.ElasticSearchMapper] [open] [fr.bbws.api.statistics.mapper.ElasticSearchMapper.open(ElasticSearchMapper.java:43)] - ## ElasticSearchMapper : Status -- OK
2018-12-25 18:23:17.529 INFO [grizzly-http-server-0] [fr.bbws.api.statistics.service.PlateAppearanceService] [list] [fr.bbws.api.statistics.service.PlateAppearanceService.list(PlateAppearanceService.java:201)] - [list] @return = []
2018-12-25 18:23:17.552 DEBUG [grizzly-http-server-0] [fr.bbws.api.statistics.PlateAppearenceResource] [list] [fr.bbws.api.statistics.PlateAppearenceResource.list(PlateAppearenceResource.java:78)] - [EXIT] @return json = []
2018-12-25 18:23:17.573 INFO [main] [fr.bbws.api.statistics.PlateAppearenceResourceTest] [list_http200_empty] [fr.bbws.api.statistics.PlateAppearenceResourceTest.list_http200_empty(PlateAppearenceResourceTest.java:235)] - [list_http200_empty] response.status = 200
2018-12-25 18:23:17.578 INFO [main] [fr.bbws.api.statistics.PlateAppearenceResourceTest] [list_http200_empty] [fr.bbws.api.statistics.PlateAppearenceResourceTest.list_http200_empty(PlateAppearenceResourceTest.java:238)] - [list_http200_empty] response.json = []
